<?xml version="1.0" encoding="utf-8"?><testsuites><testsuite name="pytest" errors="0" failures="0" skipped="0" tests="3" time="16.686" timestamp="2023-09-19T12:28:00.893321" hostname="DESKTOP-AUUG4QF"><testcase classname="test_purchaseMobile.TestMobileCart" name="test_buy_mobile" time="12.112" /><testcase classname="test_registration.TestUserRegistration" name="test_registerUser[get_data0]" time="3.636" /><testcase classname="test_registration.TestUserRegistration" name="test_registerUser[get_data1]" time="0.838" /></testsuite></testsuites>